Array
(
    [id] => 35
    [quantity] => 400
    [POST] => Array
        (
            [quantity] => 400
        )

)
Array
(
    [id] => 52
    [quantity] => 200
    [POST] => Array
        (
            [quantity] => 200
        )

)
Array
(
    [id] => 34
    [quantity] => 500
    [POST] => Array
        (
            [quantity] => 500
        )

)
Array
(
    [id] => 30
    [quantity] => 300
    [POST] => Array
        (
            [quantity] => 300
        )

)
Array
(
    [id] => 35
    [quantity] => 200
    [POST] => Array
        (
            [quantity] => 200
        )

)
Array
(
    [id] => 49
    [quantity] => 500
    [POST] => Array
        (
            [quantity] => 500
        )

)
Array
(
    [id] => 33
    [quantity] => 700
    [POST] => Array
        (
            [quantity] => 700
        )

)
Array
(
    [id] => 35
    [quantity] => 200
    [POST] => Array
        (
            [quantity] => 200
        )

)
Array
(
    [id] => 32
    [quantity] => 800
    [POST] => Array
        (
            [quantity] => 800
        )

)
Array
(
    [id] => 35
    [quantity] => 300
    [POST] => Array
        (
            [quantity] => 300
        )

)
Array
(
    [id] => 36
    [quantity] => 400
    [POST] => Array
        (
            [quantity] => 400
        )

)
Array
(
    [id] => 36
    [quantity] => 1000
    [POST] => Array
        (
            [quantity] => 1000
        )

)
Array
(
    [id] => 36
    [quantity] => 900
    [POST] => Array
        (
            [quantity] => 900
        )

)
Array
(
    [id] => 23
    [quantity] => 1000
    [POST] => Array
        (
            [quantity] => 1000
        )

)
Array
(
    [id] => 33
    [quantity] => 100
    [POST] => Array
        (
            [quantity] => 100
        )

)
Array
(
    [id] => 33
    [quantity] => 300
    [POST] => Array
        (
            [quantity] => 300
        )

)
Array
(
    [id] => 33
    [quantity] => 1500
    [POST] => Array
        (
            [quantity] => 1500
        )

)
Array
(
    [id] => 1
    [quantity] => 500
    [POST] => Array
        (
            [quantity] => 500
        )

)
Array
(
    [id] => 22
    [quantity] => 400
    [POST] => Array
        (
            [quantity] => 400
        )

)
